------Start of DE processing------ = [7.10.2025, 15:15:06:052 CEST]
Exception = java.lang.ClassNotFoundException
Source = com.ibm.ws.webcontainer.osgi.DynamicVirtualHost
probeid = startWebApp
Stack Dump = java.lang.ClassNotFoundException: pl.edu.pg.eti.kask.rpg.configuration.listener.CreateDataSource
	at com.ibm.ws.classloading.internal.UnifiedClassLoader.findClass(UnifiedClassLoader.java:170)
	at com.ibm.ws.classloading.internal.ThreadContextClassLoader.findClass(ThreadContextClassLoader.java:158)
	at com.ibm.ws.classloading.internal.UnifiedClassLoader.loadClass0(UnifiedClassLoader.java:144)
	at com.ibm.ws.classloading.internal.UnifiedClassLoader$Delegation.loadClass(UnifiedClassLoader.java:90)
	at com.ibm.ws.classloading.internal.UnifiedClassLoader.loadClass(UnifiedClassLoader.java:109)
	at java.base/java.lang.ClassLoader.loadClass(ClassLoader.java:528)
	at com.ibm.ws.webcontainer.osgi.webapp.WebApp.loadListener(WebApp.java:814)
	at com.ibm.ws.webcontainer.webapp.WebApp.loadLifecycleListeners(WebApp.java:2310)
	at com.ibm.ws.webcontainer.webapp.WebApp.initialize(WebApp.java:1054)
	at com.ibm.ws.webcontainer.webapp.WebApp.initialize(WebApp.java:6722)
	at com.ibm.ws.webcontainer.osgi.DynamicVirtualHost.startWebApp(DynamicVirtualHost.java:484)
	at com.ibm.ws.webcontainer.osgi.DynamicVirtualHost.startWebApplication(DynamicVirtualHost.java:479)
	at com.ibm.ws.webcontainer.osgi.WebContainer.startWebApplication(WebContainer.java:1208)
	at com.ibm.ws.webcontainer.osgi.WebContainer.access$100(WebContainer.java:113)
	at com.ibm.ws.webcontainer.osgi.WebContainer$3.run(WebContainer.java:996)
	at com.ibm.ws.threading.internal.ExecutorServiceImpl$RunnableWrapper.run(ExecutorServiceImpl.java:344)
	at java.base/java.util.concurrent.Executors$RunnableAdapter.call(Executors.java:572)
	at java.base/java.util.concurrent.FutureTask.run(FutureTask.java:317)
	at java.base/java.util.concurrent.ThreadPoolExecutor.runWorker(ThreadPoolExecutor.java:1144)
	at java.base/java.util.concurrent.ThreadPoolExecutor$Worker.run(ThreadPoolExecutor.java:642)
	at java.base/java.lang.Thread.run(Thread.java:1575)

Dump of callerThis
Object type = [Ljava.lang.Object;
  Object[0] = class com.ibm.ws.webcontainer.osgi.DynamicVirtualHost@5567851c
    tc = class com.ibm.websphere.ras.TraceComponent@6f453244
      strings[0] = "TraceComponent[com.ibm.ws.webcontainer.osgi.DynamicVirtualHost,class com.ibm.ws.webcontainer.osgi.DynamicVirtualHost,[webcontainer],com.ibm.ws.webcontainer.resources.LShimMessages,null]"
    nls = class com.ibm.ejs.ras.TraceNLS@21c7cb79
      resolver = class com.ibm.ws.logging.internal.TraceNLSResolver@844f923
      finder = null
      ivBundleName = "com.ibm.ws.webcontainer.resources.Messages"
      caller = class java.lang.Class@56dda113
    CLASS_NAME = "com.ibm.ws.webcontainer.osgi.DynamicVirtualHost"
    webContainerParent = class com.ibm.ws.webcontainer.osgi.WebContainer@273efeda
      tc = class com.ibm.websphere.ras.TraceComponent@62ec4083
      CLASS_NAME = "com.ibm.ws.webcontainer.osgi.WebContainer"
      initialized = true
      eventService = class com.ibm.ws.event.internal.EventEngineImpl@4310aacf
      futureMonitor = class com.ibm.ws.threading.internal.FutureMonitorImpl@4eeb6e80
      classLoadingSRRef = class com.ibm.wsspi.kernel.service.utils.AtomicServiceReference@23dd8f91
      sessionHelperSRRef = class com.ibm.wsspi.kernel.service.utils.AtomicServiceReference@7f2affa7
      cacheManagerSRRef = class com.ibm.wsspi.kernel.service.utils.AtomicServiceReference@392a745f
      injectionEngineSRRef = class com.ibm.wsspi.kernel.service.utils.AtomicServiceReference@2c209294
      managedObjectServiceSRRef = class com.ibm.wsspi.kernel.service.utils.AtomicServiceReference@63ce3186
      backgroundWebAppStartFutures = class com.ibm.ws.webcontainer.util.OneTimeUseArrayList@4bb12d9f
      REFERENCE_WEB_MBEAN_RUNTIME = "webMBeanRuntime"
      webMBeanRuntimeServiceRef = class com.ibm.wsspi.kernel.service.utils.AtomicServiceReference@21d3303a
      servletContainerInitializers = class com.ibm.wsspi.kernel.service.utils.ConcurrentServiceReferenceSet@94fb2a6
      es = class com.ibm.ws.threading.internal.ExecutorServiceImpl@4bf83723
      locationServiceRef = class java.util.concurrent.atomic.AtomicReference@1b1ff008
      transferContextServiceRef = class com.ibm.wsspi.kernel.service.utils.ConcurrentServiceReferenceSet@5980fb21
      encodingServiceRef = class java.util.concurrent.atomic.AtomicReference@616a42cb
      instance = class java.util.concurrent.atomic.AtomicReference@15c406c2
      vhostManager = class com.ibm.ws.webcontainer.osgi.DynamicVirtualHostManager@71bf3bc2
      metaDataService = class com.ibm.ws.container.service.metadata.internal.MetaDataServiceImpl@29cf725
      j2eeNameFactory = class com.ibm.ws.container.service.metadata.internal.J2EENameFactoryImpl@59235bd9
      context = class org.apache.felix.scr.impl.manager.ComponentContextImpl@2fb89f27
      contextRoots = class java.util.Collections$SynchronizedSet@1c77fc01
      pendingContextRoots = class java.util.HashMap@29300b5b
      deployedModuleMap = class java.util.concurrent.ConcurrentHashMap@21d94494
      connContextPool = class io.openliberty.webcontainer.servlet.internal.osgi.srt.factory.SRTConnectionContextPool60Impl@4a73b62f
      DEFAULT_PORT = "*"
      DEFAULT_VHOST_NAME = "default_host"
      cachedServerInfo = "IBM WebSphere Liberty/25.0.0.10"
      lock = class com.ibm.ws.webcontainer.osgi.WebContainer$1@69c7dc94
      webAppFactory = class io.openliberty.webcontainer.servlet.internal.osgi.webapp.factory.WebAppFactory60Impl@40046824
      requestFactory = class io.openliberty.webcontainer.servlet.internal.osgi.response.factory.IRequestResponseFactory60Impl@2b926954
      responseFactory = class io.openliberty.webcontainer.servlet.internal.osgi.response.factory.IRequestResponseFactory60Impl@2b926954
      asyncContextFactory = class io.openliberty.webcontainer.servlet.internal.async.factory.AsyncContextFactory60Impl@7c8770c7
      DEFAULT_MAX_VERSION = 30
      serverStopping = false
      modulesStarting = class java.util.concurrent.atomic.AtomicInteger@2bf320bf
      uriMatcherFactory = class io.openliberty.webcontainer.servlet.internal.util.factory.URIMatcherFactory60Impl@485528ad
      SPEC_LEVEL_30 = 30
      SPEC_LEVEL_31 = 31
      SPEC_LEVEL_40 = 40
      SPEC_LEVEL_50 = 50
      SPEC_LEVEL_60 = 60
      SPEC_LEVEL_61 = 61
      DEFAULT_SPEC_LEVEL = 30
      loadedContainerSpecLevel = 60
      ISO = "ISO-8859-1"
      encoding = "UTF-8"
      decode = true
      wcconfig = class com.ibm.ws.webcontainer.osgi.WebContainerConfiguration@70b5203a
      applicationListeners = class java.util.ArrayList@37f377a3
      servletListeners = class java.util.ArrayList@5b74f3a
      servletErrorListeners = class java.util.ArrayList@64c61f61
      servletInvocationListeners = class java.util.ArrayList@3d2b5733
      filterInvocationListeners = class java.util.ArrayList@1149715a
      filterErrorListeners = class java.util.ArrayList@2e3822d6
      filterListeners = class java.util.ArrayList@7a511d67
      servletRequestListeners = class java.util.ArrayList@1da45fd1
      servletRequestAttributeListeners = class java.util.ArrayList@473d2e9e
      servletContextListeners = class java.util.ArrayList@287c8a3d
      servletContextAttributeListeners = class java.util.ArrayList@5ab40070
      sessionListeners = class java.util.ArrayList@65519620
      sessionIdListeners = class java.util.ArrayList@4b360dca
      sessionAttributeListeners = class java.util.ArrayList@7574bf3
      DEFAULT_HOST = "default_host"
      _initialized = true
      logger = class com.ibm.ws.logging.internal.WsLogger@12327ba8
      CLASS_NAME = "com.ibm.ws.webcontainer.internal.WebContainer"
      nls = class com.ibm.ejs.ras.TraceNLS@7d9a7ce9
      self = class java.util.concurrent.atomic.AtomicReference@149305ec
      selfInit = class java.util.concurrent.CountDownLatch@7c5697a2
      _cipherToBit = class java.util.HashMap@70e641a1
      cacheKeyStringBuilder = class com.ibm.ws.util.WSThreadLocal@1faeb20e
      listenersInitialized = true
      webConProperties = class java.util.Properties@63f6b968
      sessionRegistry = null
      isStopped = false
      readWriteLockForStopping = class java.util.concurrent.locks.ReentrantReadWriteLock@2bd5d933
      urlPrefix = ";jsessionid="
      extensionFactories = class java.util.ArrayList@3ac98304
      postInitExtensionFactories = null
      httpResponseListeners = class java.util.ArrayList@697c6ea1
      servletContainerInitializers = class java.util.ServiceLoader@3a88f42
      auditManager = class com.ibm.websphere.security.audit.context.AuditManager@55434ba6
      invocationCacheSize = 500
      _cacheMap = class java.util.concurrent.ConcurrentHashMap@505a0c7c
      _cacheSize = class java.util.concurrent.atomic.AtomicInteger@5a5979b0
      vHostCompatFlag = false
      platformHelper = class com.ibm.ws.webcontainer.PlatformHelper@1dcc2f26
      isDefaultTempDir = true
      tempDir = null
      servletCachingInitNeeded = true
      appInstallBegun = true
      cacheServletWrapperFactory = class io.openliberty.webcontainer.servlet.internal.servlet.factory.CacheServletWrapperFactory60Impl@521d5942
      isServlet60orAbove = true
      commands = class java.util.ArrayList@52248691
      requestMapper = class com.ibm.ws.webcontainer.util.VirtualHostContextRootMapper@43a1e19c
      parent = null
      name = "Was.webcontainer"
      isAlive = true
      subElements = class java.util.HashMap@3fe843d1
      attributes = null
      config = null
      serialVersionUID = -8271459000149267764
      $$$tc$$$ = class com.ibm.websphere.ras.TraceComponent@c8b133e
    dhostConfig = class com.ibm.ws.webcontainer.osgi.DynamicVirtualHostConfiguration@69a295ba
      tc = class com.ibm.websphere.ras.TraceComponent@1ab9bad8
      name = "default_host"
      activeContexts = class java.util.HashSet@590a3616
      appStartingCount = class java.util.concurrent.atomic.AtomicInteger@6042a62f
      tc = class com.ibm.websphere.ras.TraceComponent@53098bed
      config = class com.ibm.ws.http.internal.VirtualHostImpl@b4382d6
      _id = "default_host"
      _attributes = null
      serialVersionUID = 7511545662945734886
      $$$tc$$$ = class com.ibm.websphere.ras.TraceComponent@5c0db280
    predefinedMatcher = null
    normalizeRequestURI = false
    logger = class com.ibm.ws.logging.internal.WsLogger@12327ba8
      ivCachedResourceBundleName = "com.ibm.ws.webcontainer.resources.Messages"
      ivCachedResourceBundle = class com.ibm.ws.webcontainer.resources.Messages_pl@7b8619d5
      ivComponent = null
      ivOrganization = null
      ivProduct = null
      ivMinimumLocalizationLevelIntValue = 625
      ivTC = class com.ibm.websphere.ras.TraceComponent@6074a2b6
      loggerRegistrationComponent = class java.lang.ThreadLocal@73b43a35
      emptyHandlers = "/* Could not access emptyHandlers */"
      offValue = "/* Could not access offValue */"
      SYSTEM_LOGGER_RB_NAME = "/* Could not access SYSTEM_LOGGER_RB_NAME */"
      SYSTEM_BUNDLE = "/* Could not access SYSTEM_BUNDLE */"
      NO_RESOURCE_BUNDLE = "/* Could not access NO_RESOURCE_BUNDLE */"
      config = "/* Could not access config */"
      manager = "/* Could not access manager */"
      name = "/* Could not access name */"
      loggerBundle = "/* Could not access loggerBundle */"
      anonymous = "/* Could not access anonymous */"
      catalogRef = "/* Could not access catalogRef */"
      catalogName = "/* Could not access catalogName */"
      catalogLocale = "/* Could not access catalogLocale */"
      treeLock = "/* Could not access treeLock */"
      parent = "/* Could not access parent */"
      kids = "/* Could not access kids */"
      callerModuleRef = "/* Could not access callerModuleRef */"
      isSystemLogger = "/* Could not access isSystemLogger */"
      GLOBAL_LOGGER_NAME = "global"
      global = class java.util.logging.Logger@63299b2
    CLASS_NAME = "com.ibm.ws.webcontainer.VirtualHost"
    vHostConfig = class com.ibm.ws.webcontainer.osgi.DynamicVirtualHostConfiguration@69a295ba
    commands = class java.util.ArrayList@db1e694
      serialVersionUID = "/* Could not access serialVersionUID */"
      DEFAULT_CAPACITY = "/* Could not access DEFAULT_CAPACITY */"
      EMPTY_ELEMENTDATA = "/* Could not access EMPTY_ELEMENTDATA */"
      DEFAULTCAPACITY_EMPTY_ELEMENTDATA = "/* Could not access DEFAULTCAPACITY_EMPTY_ELEMENTDATA */"
      elementData = "/* Could not access elementData */"
      size = "/* Could not access size */"
      modCount = "/* Could not access modCount */"
    requestMapper = class com.ibm.wsspi.webcontainer.util.URIMapper@5da901d6
      matcher = class com.ibm.wsspi.webcontainer40.util.URIMatcher40@6d8b867
    parent = class com.ibm.ws.webcontainer.osgi.WebContainer@273efeda
    name = "default_host"
    isAlive = true
    subElements = class java.util.HashMap@205b509c
      serialVersionUID = "/* Could not access serialVersionUID */"
      DEFAULT_INITIAL_CAPACITY = "/* Could not access DEFAULT_INITIAL_CAPACITY */"
      MAXIMUM_CAPACITY = "/* Could not access MAXIMUM_CAPACITY */"
      DEFAULT_LOAD_FACTOR = "/* Could not access DEFAULT_LOAD_FACTOR */"
      TREEIFY_THRESHOLD = "/* Could not access TREEIFY_THRESHOLD */"
      UNTREEIFY_THRESHOLD = "/* Could not access UNTREEIFY_THRESHOLD */"
      MIN_TREEIFY_CAPACITY = "/* Could not access MIN_TREEIFY_CAPACITY */"
      table = "/* Could not access table */"
      entrySet = "/* Could not access entrySet */"
      size = "/* Could not access size */"
      modCount = "/* Could not access modCount */"
      threshold = "/* Could not access threshold */"
      loadFactor = "/* Could not access loadFactor */"
      keySet = "/* Could not access keySet */"
      values = "/* Could not access values */"
    attributes = null
    config = null
    serialVersionUID = -8271459000149267764
    $$$tc$$$ = class com.ibm.websphere.ras.TraceComponent@c8b133e
  Object[1] = class com.ibm.ws.webcontainer40.osgi.webapp.WebApp40@24d9339d
    tc = class com.ibm.websphere.ras.TraceComponent@516d8acc
      strings[0] = "TraceComponent[com.ibm.ws.webcontainer40.osgi.webapp.WebApp40,class com.ibm.ws.webcontainer40.osgi.webapp.WebApp40,[webcontainer],com.ibm.ws.webcontainer31.resources.Messages,null]"
    servlet40NLS = class com.ibm.ejs.ras.TraceNLS@74b0a4d1
      resolver = class com.ibm.ws.logging.internal.TraceNLSResolver@844f923
      finder = null
      ivBundleName = "com.ibm.ws.webcontainer40.resources.Messages"
      caller = class java.lang.Class@185bb4df
    CLASS_NAME = "com.ibm.ws.webcontainer40.osgi.webapp.WebApp40"
    defaultSessionTimeout = 30
    tc = class com.ibm.websphere.ras.TraceComponent@6c5f1c7e
      strings[0] = "TraceComponent[com.ibm.ws.webcontainer31.osgi.webapp.WebApp31,class com.ibm.ws.webcontainer31.osgi.webapp.WebApp31,[webcontainer],com.ibm.ws.webcontainer31.resources.Messages,null]"
    CLASS_NAME = "com.ibm.ws.webcontainer31.osgi.webapp.WebApp31"
    servlet31NLS = class com.ibm.ejs.ras.TraceNLS@695847e9
      resolver = class com.ibm.ws.logging.internal.TraceNLSResolver@844f923
      finder = null
      ivBundleName = "com.ibm.ws.webcontainer31.resources.Messages"
      caller = class java.lang.Class@2081f866
    validListenerClasses = class java.lang.Class[7]
      Class[0] = class java.lang.Class@3fb7afd
      Class[1] = class java.lang.Class@5fa92480
      Class[2] = class java.lang.Class@40340109
      Class[3] = class java.lang.Class@12c1d986
      Class[4] = class java.lang.Class@4a3565b1
      Class[5] = class java.lang.Class@36dfa1e8
      Class[6] = class java.lang.Class@5caed553
    wsocServHandler = null
    tc = class com.ibm.websphere.ras.TraceComponent@a21a033
      strings[0] = "TraceComponent[com.ibm.ws.webcontainer.osgi.webapp.WebApp,class com.ibm.ws.webcontainer.osgi.webapp.WebApp,[webcontainer],com.ibm.ws.webcontainer.resources.LShimMessages,null]"
    CLASS_NAME = "com.ibm.ws.webcontainer.osgi.webapp.WebApp"
    metaDataService = class com.ibm.ws.container.service.metadata.internal.MetaDataServiceImpl@29cf725
      applicationMetaDataManager = class com.ibm.ws.container.service.metadata.internal.ApplicationMetaDataManager@37443241
      moduleMetaDataManager = class com.ibm.ws.container.service.metadata.internal.ModuleMetaDataManager@43db8a56
      componentMetaDataManager = class com.ibm.ws.container.service.metadata.internal.ComponentMetaDataManager@5873d90e
      methodMetaDataManager = class com.ibm.ws.container.service.metadata.internal.MethodMetaDataManager@a5a0793
      appModuleNameToModuleContainer = class java.util.concurrent.ConcurrentHashMap@1c9afaa3
      jeeNameToComponentMetaData = class java.util.concurrent.ConcurrentHashMap@30c5a5c
      deferredMetaDataFactories = class com.ibm.wsspi.kernel.service.utils.ConcurrentServiceReferenceSet@45f1589a
      deferredMetaDataInitializers = class com.ibm.wsspi.kernel.service.utils.ConcurrentServiceReferenceMap@1fcdb928
      serialVersionUID = -2494605732980966097
      $$$tc$$$ = class com.ibm.websphere.ras.TraceComponent@6413256c
    namespacePopulated = false
    referenceContext = class com.ibm.ws.injectionengine.osgi.internal.OSGiReferenceContextImpl@63ded708
      scopeData = class com.ibm.ws.injectionengine.osgi.internal.OSGiInjectionScopeData@122875b
      serialVersionUID = 521511923892134915
      $$$tc$$$ = class com.ibm.websphere.ras.TraceComponent@701df0a
      CLASS_NAME = "com.ibm.ws.injectionengine.ReferenceContextImpl"
      tc = class com.ibm.websphere.ras.TraceComponent@7b099daf
      ivInjectionEngine = class com.ibm.ws.injectionengine.osgi.internal.OSGiInjectionEngineImpl@7fcec360
      ivProviders = class java.util.ArrayList@e265b17
      ivComponentJavaContext = null
      ivComponentNameSpace = null
      ivJavaColonCompEnvMap = class java.util.LinkedHashMap@1c8e32f6
      ivEjbContext10 = class java.util.Properties@15d227c4
      ivResourceRefConfigList = class com.ibm.ws.resource.internal.ResourceRefConfigListImpl@55673d2f
      isAlreadyProcessed = true
      ivProcessFailure = null
      ivInjectionTargetMap = class java.util.concurrent.ConcurrentHashMap@577851c9
      svInjTarMapCacheSize = 256
      ivDeclaredInjectionTargets = class java.util.HashMap@3a0cc052
      ivProcessedInjectionClasses = class java.util.HashSet@3ee42cd0
      svInjClassMapCacheSize = 512
      ivProcessedInjectionBindings = class java.util.ArrayList@169887fe
      ivAnyProcessDynamic = false
      ivCheckAppConfig = false
    j2eeNameFactory = class com.ibm.ws.container.service.metadata.internal.J2EENameFactoryImpl@59235bd9
      serialVersionUID = 3486344295038028821
      $$$tc$$$ = class com.ibm.websphere.ras.TraceComponent@aef2165
    moduleLoader = class com.ibm.ws.classloading.internal.AppClassLoader@5c6e1fb3
      tc = class com.ibm.websphere.ras.TraceComponent@209f9e8c
      forbiddenClassNames = class java.util.Collections$UnmodifiableSet@3c72bb86
      FORBIDDEN_PROPERTIES = "forbidden.properties"
      NOTHING_FORBIDDEN_PROPERTY = "io.openliberty.classloading.nothing.forbidden"
      ALLPERMISSIONS = class java.security.AllPermissionCollection@20635867
      PARENT_FIRST_SEARCH_ORDER = class java.util.Collections$UnmodifiableRandomAccessList@411aa937
      packagesDefined = class java.util.Collections$SetFromMap@6bb4e80a
      CLASS_LOADING_TRACE_PREFIX = "com.ibm.ws.class.load."
      DEFAULT_PACKAGE = "default.package"
      perPackageClassLoadingTraceComponents = class java.util.concurrent.ConcurrentHashMap@42b3d071
      config = class com.ibm.ws.classloading.internal.ClassLoaderConfigurationImpl@78291820
      overrideLibraries = class java.util.concurrent.atomic.AtomicReference@6cee5503
      privateLibraries = class java.util.concurrent.atomic.AtomicReference@2056042c
      beforeAppDelegateLoaders = class java.util.Collections$EmptyList@77bf3b83
      afterAppDelegateLoaders = class java.util.Collections$EmptyList@77bf3b83
      nativeLibraryFiles = class java.util.ArrayList@7cba780f
      transformers = class java.util.ArrayList@4c6287a0
      systemTransformers = class java.util.concurrent.CopyOnWriteArrayList@52ba8562
      apiAccess = class com.ibm.ws.classloading.internal.GatewayClassLoader@391ada3a
      generator = class com.ibm.ws.classloading.internal.ClassGeneratorManager@42dd8c7d
      protectionDomains = class java.util.concurrent.ConcurrentHashMap@6d08ee29
      libraryPrecedence = class com.ibm.ws.classloading.configuration.GlobalClassloadingConfiguration$LibraryPrecedence@350f3baf
      serialVersionUID = -578572264930759392
      disableSharedClassesCache = false
      checkpointPhase = class io.openliberty.checkpoint.spi.CheckpointPhase@2755f81b
      tc = class com.ibm.websphere.ras.TraceComponent@79eeeb18
      smartClassPath = class com.ibm.ws.classloading.internal.ContainerClassLoader$SmartClassPathImpl@375b39bd
      nativeLibraryContainers = class java.util.ArrayList@7bc5aeba
      redefiner = class com.ibm.ws.classloading.internal.util.ClassRedefiner@96007ca
      jarProtocol = "wsjar:"
      hook = null
      mapCreationQueue = class java.util.concurrent.Executors$AutoShutdownDelegatedExecutorService@3d661207
      acf = class com.ibm.ws.kernel.service.util.ServiceCaller@6b80db6f
      serialVersionUID = 8193250483852414133
      parent = class com.ibm.ws.classloading.internal.GatewayClassLoader@391ada3a
      classNameLockStore = class com.ibm.ws.kernel.boot.utils.KeyBasedLockStore@6257df82
      pdcache = "/* Could not access pdcache */"
    webAppConfig = class com.ibm.ws.webcontainer.osgi.webapp.WebAppConfiguration@27e270b2
      webModuleMetaData = class com.ibm.ws.webcontainer.osgi.metadata.WebModuleMetaDataImpl@1cede58c
      webComponentMetaData = class com.ibm.ws.webcontainer.osgi.metadata.WebComponentMetaDataImpl@21c6ad5c
      dVirtualHost = class com.ibm.ws.webcontainer.osgi.DynamicVirtualHost@5567851c
      orderedLibPaths = class java.util.Collections$UnmodifiableRandomAccessList@2ec2019a
      bundleHeaders = null
      cdiEnabled = false
      CLASS_NAME = "com.ibm.ws.webcontainer.webapp.WebAppConfiguration"
      logger = class com.ibm.ws.logging.internal.WsLogger@10bf10eb
      tc = class com.ibm.websphere.ras.TraceComponent@5b1d689f
      nls = class com.ibm.ejs.ras.TraceNLS@31a43da3
      version = 60
      contextRoot = "/simple-rpg"
      isDefaultContextRootUsed = false
      sessionTimeout = 0
      moduleSessionTimeoutSet = false
      moduleSessionTrackingModeSet = false
      sessionCookieConfig = class io.openliberty.session.impl.SessionCookieConfigImpl60@8e3b938
      hasProgrammaticCookieConfig = false
      sessionDefaultTrackingModeSet = class java.util.RegularEnumSet@7b51ec2d
      sessionManagerConfig = class com.ibm.ws.session.SessionManagerConfig@7021f239
      displayName = "simple-rpg-1.0-SNAPSHOT"
      description = null
      reloadInterval = 0
      distributable = false
      denyUncoveredHttpMethods = false
      reloadingEnabled = false
      serveServletsByClassnameEnabled = null
      defaultErrorPage = null
      additionalClassPath = null
      fileServingEnabled = null
      directoryBrowsingEnabled = null
      autoRequestEncoding = false
      autoResponseEncoding = false
      autoLoadFilters = false
      requestListeners = null
      requestAttributeListeners = null
      sessionListeners = null
      localeMap = null
      moduleName = "simple-rpg-1.0-SNAPSHOT"
      j2eeModuleName = "simple-rpg-1.0-SNAPSHOT.war"
      moduleId = null
      isSyncToThreadEnabled = false
      encodeDispatchedRequestURI = false
      isSystemApp = false
      ardEnabled = false
      ardDispatchType = null
      listeners = class java.util.ArrayList@6f691256
      welcomeFileList = class java.util.ArrayList@7f30733d
      servletMappings = class java.util.HashMap@6a8f2f9a
      lastIndexBeforeDeclaredFilters = 0
      filterMappings = class java.util.ArrayList@1ecb8662
      servletInfo = class java.util.concurrent.ConcurrentHashMap@3917cc4f
      filterInfo = class java.util.HashMap@4542e9cb
      mimeMappings = class java.util.HashMap@5622ed06
      mimeFilters = null
      isMimeFilteringEnabled = false
      theWebGroup = null
      jspAttributes = class java.util.HashMap@14189936
      fileServingAttributes = class java.util.HashMap@136a5a4e
      invokerAttributes = class java.util.HashMap@4134e559
      contextParams = class java.util.HashMap@bf7aa4
      virtualHost = "default_host"
      exceptionErrorPages = class java.util.HashMap@50be92ac
      codeErrorPages = class java.util.HashMap@11470adf
      tagLibList = null
      precompileJsps = false
      webApp = class com.ibm.ws.webcontainer40.osgi.webapp.WebApp40@24d9339d
      virtualHostList = class java.util.Collections$EmptyList@77bf3b83
      appStartupWeight = 0
      moduleStartupWeight = 0
      metaDataComplete = false
      classesToScan = class java.util.ArrayList@cae158a
      uriFilterMappingInfos = null
      servletFilterMappingInfos = null
      dynamicServletRegistrationMap = null
      applicationName = "simple-rpg-1.0-SNAPSHOT"
      libBinPathList = null
      webXmlDefinedListeners = class java.util.HashSet@2821dd41
      allRefs = class java.util.EnumMap@1193b68
      allRefBindings = class java.util.EnumMap@f747beb
      envEntryValues = class java.util.HashMap@738a3dca
      resourceRefConfigList = class com.ibm.ws.resource.internal.ResourceRefConfigListImpl@55673d2f
      disallowAllFileServingProp = null
      disallowServeServletsByClassnameProp = null
      disableStaticMappingCache = false
      jspCachedLocations = null
      primedSTSHeader = "NoValue"
      enablemultireadofpostdata = false
      requestEncoding = null
      responseEncoding = null
      NULLSERVLETNAME = "com.ibm.ws.webcontainer.NullServletName"
      skipEncodedCharVerification = false
      _id = "WebAppGeneratedId1"
      _attributes = null
      serialVersionUID = 7511545662945734886
      $$$tc$$$ = class com.ibm.websphere.ras.TraceComponent@5c0db280
    extensionProcessingDisabled = false
    managedObjectService = class com.ibm.ws.managedobject.internal.ManagedObjectServiceImpl@7d6c2ac3
      serialVersionUID = -5207896281925798415
      $$$tc$$$ = class com.ibm.websphere.ras.TraceComponent@2ee69f11
    internalServletMetaData = interface com.ibm.wsspi.webcontainer.metadata.WebComponentMetaData[2]
      WebComponentMetaData[0] = null
      WebComponentMetaData[1] = null
    loginProcessor = null
    logoutProcessor = null
    collabHelper = class com.ibm.ws.webcontainer.osgi.collaborator.CollaboratorHelperImpl@5a192fb3
      CLASS_NAME = "com.ibm.ws.webcontainer.osgi.collaborator.CollaboratorHelperImpl"
      webAppInvCollabs = class java.util.Collections$UnmodifiableSet@430234e5
      securityDomainForApp = null
      logger = class com.ibm.ws.logging.internal.WsLogger@360045f1
      staticDefaultSecurityCollaborator = class com.ibm.ws.webcontainer.collaborator.WebAppSecurityCollaborator@1dc56189
      staticDefaultWebAppTransactionCollaborator = class com.ibm.ws.webcontainer.collaborator.WebAppTransactionCollaborator@6dec85ed
      logger = class com.ibm.ws.logging.internal.WsLogger@327039ac
      CLASS_NAME = "com.ibm.wsspi.webcontainer.collaborator.CollaboratorHelper"
      webApp = class com.ibm.ws.webcontainer40.osgi.webapp.WebApp40@24d9339d
      securityCollaborator = null
      nameSpaceCollaborator = class com.ibm.ws.webcontainer.osgi.collaborator.WebAppNameSpaceCollaboratorImpl@2e5cd97a
      transactionCollaborator = class com.ibm.ws.webcontainer.collaborator.WebAppTransactionCollaborator@6dec85ed
      connectionCollaborator = class com.ibm.ws.webcontainer.collaborator.ConnectionHandleCollaborator@6042852a
      allCollabEnum = class java.util.RegularEnumSet@32b520db
      servlet_23_or_greater = true
      DEFER_SERVLET_REQUEST_LISTENER_DESTROY_ON_ERROR = true
    envObject = class com.ibm.ws.util.WSThreadLocal@11ba4b8b
      tc = class com.ibm.ejs.ras.TraceComponent@7d8b00b8
      count = 5
      index = 3
      SUSPECTED_MISUSAGE_THRESHOLD = 200
      TRACE_VTHREAD_LOCALS = "/* Could not access TRACE_VTHREAD_LOCALS */"
      threadLocalHashCode = "/* Could not access threadLocalHashCode */"
      nextHashCode = "/* Could not access nextHashCode */"
      HASH_INCREMENT = "/* Could not access HASH_INCREMENT */"
      $assertionsDisabled = "/* Could not access $assertionsDisabled */"
    orderedLibPaths = class java.util.Collections$UnmodifiableRandomAccessList@2ec2019a
      serialVersionUID = "/* Could not access serialVersionUID */"
      serialVersionUID = "/* Could not access serialVersionUID */"
      list = "/* Could not access list */"
      serialVersionUID = "/* Could not access serialVersionUID */"
      c = "/* Could not access c */"
    perm = class com.ibm.websphere.security.WebSphereRuntimePermission@3db5c746
      serialVersionUID = -3306242789188168337
      $$$tc$$$ = class com.ibm.websphere.ras.TraceComponent@6c660924
      serialVersionUID = "/* Could not access serialVersionUID */"
      wildcard = "/* Could not access wildcard */"
      path = "/* Could not access path */"
      exitVM = "/* Could not access exitVM */"
      serialVersionUID = "/* Could not access serialVersionUID */"
      name = "/* Could not access name */"
    WELCOME_FILE_LIST = "com.ibm.ws.webcontainer.config.WelcomeFileList"
    DIR_BROWSING_MAPPING = "__dirBrowsing__1759842906020"
    FILTER_PROXY_MAPPING = "/__filterProxy__1759842906020"
    logger = class com.ibm.ws.logging.internal.WsLogger@10bf10eb
      ivCachedResourceBundleName = "com.ibm.ws.webcontainer.resources.Messages"
      ivCachedResourceBundle = class com.ibm.ws.webcontainer.resources.Messages_pl@7b8619d5
      ivComponent = null
      ivOrganization = null
      ivProduct = null
      ivMinimumLocalizationLevelIntValue = 625
      ivTC = class com.ibm.websphere.ras.TraceComponent@d357df0
      loggerRegistrationComponent = class java.lang.ThreadLocal@73b43a35
      emptyHandlers = "/* Could not access emptyHandlers */"
      offValue = "/* Could not access offValue */"
      SYSTEM_LOGGER_RB_NAME = "/* Could not access SYSTEM_LOGGER_RB_NAME */"
      SYSTEM_BUNDLE = "/* Could not access SYSTEM_BUNDLE */"
      NO_RESOURCE_BUNDLE = "/* Could not access NO_RESOURCE_BUNDLE */"
      config = "/* Could not access config */"
      manager = "/* Could not access manager */"
      name = "/* Could not access name */"
      loggerBundle = "/* Could not access loggerBundle */"
      anonymous = "/* Could not access anonymous */"
      catalogRef = "/* Could not access catalogRef */"
      catalogName = "/* Could not access catalogName */"
      catalogLocale = "/* Could not access catalogLocale */"
      treeLock = "/* Could not access treeLock */"
      parent = "/* Could not access parent */"
      kids = "/* Could not access kids */"
      callerModuleRef = "/* Could not access callerModuleRef */"
      isSystemLogger = "/* Could not access isSystemLogger */"
      GLOBAL_LOGGER_NAME = "global"
      global = class java.util.logging.Logger@63299b2
    CLASS_NAME = "com.ibm.ws.webcontainer.webapp.WebApp"
    loader = class com.ibm.ws.classloading.internal.ThreadContextClassLoader@2943bb54
      tc = class com.ibm.websphere.ras.TraceComponent@4d901cf5
      bundle = class java.util.concurrent.atomic.AtomicReference@4ebafa7a
      key = "WebModule:simple-rpg-1.0-SNAPSHOT#simple-rpg-1.0-SNAPSHOT.war"
      refCount = class java.util.concurrent.atomic.AtomicInteger@613280c3
      appLoader = class com.ibm.ws.classloading.internal.ClassLoaderRef@6479649a
      clSvc = class com.ibm.ws.classloading.internal.ClassLoadingServiceImpl@e26eae2
      serialVersionUID = -4347850812332088208
      tc = class com.ibm.websphere.ras.TraceComponent@6e63191
      followOnClassLoaders = class java.util.ArrayList@35bbca23
      serialVersionUID = -8013604280059036043
      parent = class com.ibm.ws.classloading.internal.GatewayClassLoader@39c1413
      classNameLockStore = class com.ibm.ws.kernel.boot.utils.KeyBasedLockStore@2c4b8fc4
      pdcache = "/* Could not access pdcache */"
    facade = null
    features = class java.util.ArrayList@539af764
      serialVersionUID = "/* Could not access serialVersionUID */"
      DEFAULT_CAPACITY = "/* Could not access DEFAULT_CAPACITY */"
      EMPTY_ELEMENTDATA = "/* Could not access EMPTY_ELEMENTDATA */"
      DEFAULTCAPACITY_EMPTY_ELEMENTDATA = "/* Could not access DEFAULTCAPACITY_EMPTY_ELEMENTDATA */"
      elementData = "/* Could not access elementData */"
      size = "/* Could not access size */"
      modCount = "/* Could not access modCount */"
    applicationName = "simple-rpg-1.0-SNAPSHOT"
    config = class com.ibm.ws.webcontainer.osgi.webapp.WebAppConfiguration@27e270b2
    securityEnabledForApp = null
    webExtensionProcessor = class com.ibm.ws.webcontainer.osgi.extension.WebExtensionProcessor@6deae25c
      webApp = class com.ibm.ws.webcontainer40.osgi.webapp.WebApp40@24d9339d
      extensionContext = class com.ibm.ws.webcontainer40.osgi.webapp.WebApp40@24d9339d
    production = true
    isServlet23 = true
    contextPath = "/simple-rpg"
    internalServletList = class [Ljava.lang.String;[2]
      String[][0] = class java.lang.String[2]
      String[][1] = class java.lang.String[2]
    BY_NAME_ONLY = "/_1759842906020_/"
    filterManager = null
    documentRoot = null
    SERVLET_API_VERSION = "Servlet 2.5"
    disableServletAuditLogging = -1
    serverInfo = "IBM WebSphere Liberty/25.0.0.10"
    sessionCtx = class io.openliberty.webcontainer60.session.impl.HttpSessionContextImpl60@28c1f444
      methodClassName = "HttpSessionContextImpl60"
      methodClassName = "HttpSessionContextImpl"
      _smc = class com.ibm.ws.session.SessionManagerConfig@7021f239
      sessionStoreService = null
      _sap = class com.ibm.ws.session.SessionApplicationParameters@211a175f
      _coreHttpSessionManager = class com.ibm.ws.session.SessionManager@daa4709
      _coreHttpAppSessionManager = null
      _sam = class io.openliberty.webcontainer60.session.impl.SessionAffinityManagerImpl60@72e5dcbf
      isSIPApplication = false
      sessionAttributeListener = false
      sessionListener = false
      mHttpSessionAttributeListeners = class java.util.ArrayList@66bb1ee4
      mHttpSessionListeners = class java.util.ArrayList@17ea4d83
      mHttpSessionIdListeners = class java.util.ArrayList@48a7d278
      mHttpSessionAttributeListenersJ2eeNames = class java.util.ArrayList@14fbeff7
      mHttpSessionListenersJ2eeNames = class java.util.ArrayList@2a898fb2
      mHttpSessionIdListenersJ2eeNames = class java.util.ArrayList@6f4a4935
      mLocalHost = null
      _refCount = 1
      currentThreadSacHashtable = null
      methodClassName = "SessionContext"
      ANONYMOUS_USER = "anonymous"
      wasHttpSessionObserver = class com.ibm.ws.session.WasHttpSessionObserver@198872b6
      wasHttpSessionAttributeObserver = null
      _invalidator = class com.ibm.ws.session.SessionInvalidatorWithThreadPool@5247a227
      _storer = class com.ibm.ws.session.EOSSessionStorer@345543c2
      wasHttpAppSessionObserver = null
      mHttpAppSessionListeners = null
      cmvcInfo = "CMVC Version 1.9 6/24/07 11:12:24"
      _loggedVersion = true
      CREATE_CORE_SESSION_MANAGER = 0
      GET_REQUESTED_SESSION_ID = 1
      GET_IHTTP_SESSION = 2
      SESSION_PRE_INVOKE = 3
      SESSION_POST_INVOKE = 4
      STOP = 5
      STOP_LISTENERS = 6
      IS_VALID = 7
      ENCODE_URL = 8
      SHOULD_ENCODE_URL = 9
      IS_PROTOCOL_SWITCH = 10
      GET_LOCAL_HOST = 11
      ADD_HTTP_SESSION_ATTRIBUTE_LISTENER = 12
      ADD_HTTP_SESSION_LISTENER = 13
      GET_SESSION_AFFINITY_CONTEXT = 14
      CHECK_SECURITY = 15
      INVALIDATE = 16
      CHECK_SESSSIONID_IS_RIGHT_LENGTH = 17
      LOCK_SESSION = 18
      UNLOCK_SESSION = 19
      ADD_HTTP_SESSION_ID_LISTENER = 20
      methodNames = class java.lang.String[21]
    eventSource = class com.ibm.ws.webcontainer.webapp.WebAppEventSource@62c7aa0b
      _invocationListeners = class com.ibm.ws.webcontainer.util.EventListeners@87a30c3
      _servletListeners = class com.ibm.ws.webcontainer.util.EventListeners@141353db
      _errorListeners = class com.ibm.ws.webcontainer.util.EventListeners@12ac69b7
      _applicationListeners = class com.ibm.ws.webcontainer.util.EventListeners@e2e3f7b
      _filterInvocationListeners = class com.ibm.ws.webcontainer.util.EventListeners@578bfa55
      _filterListeners = class com.ibm.ws.webcontainer.util.EventListeners@5988e6f4
      _filterErrorListeners = class com.ibm.ws.webcontainer.util.EventListeners@2898dda3
    nls = class com.ibm.ejs.ras.TraceNLS@4301d16e
      resolver = class com.ibm.ws.logging.internal.TraceNLSResolver@844f923
      finder = null
      ivBundleName = "com.ibm.ws.webcontainer.resources.Messages"
      caller = class java.lang.Class@58822daa
    liberty_nls = class com.ibm.ejs.ras.TraceNLS@49ea6418
      resolver = class com.ibm.ws.logging.internal.TraceNLSResolver@844f923
      finder = null
      ivBundleName = "com.ibm.ws.webcontainer.resources.LShimMessages"
      caller = class java.lang.Class@58822daa
    error_nls = class com.ibm.ejs.ras.TraceNLS@6e2edab5
      resolver = class com.ibm.ws.logging.internal.TraceNLSResolver@844f923
      finder = null
      ivBundleName = "com.ibm.ws.webcontainer.resources.ErrorPage"
      caller = class java.lang.Class@58822daa
    sessionListeners = class java.util.ArrayList@3166a289
      serialVersionUID = "/* Could not access serialVersionUID */"
      DEFAULT_CAPACITY = "/* Could not access DEFAULT_CAPACITY */"
      EMPTY_ELEMENTDATA = "/* Could not access EMPTY_ELEMENTDATA */"
      DEFAULTCAPACITY_EMPTY_ELEMENTDATA = "/* Could not access DEFAULTCAPACITY_EMPTY_ELEMENTDATA */"
      elementData = "/* Could not access elementData */"
      size = "/* Could not access size */"
      modCount = "/* Could not access modCount */"
    sessionIdListeners = class java.util.ArrayList@7ca18f6a
      serialVersionUID = "/* Could not access serialVersionUID */"
      DEFAULT_CAPACITY = "/* Could not access DEFAULT_CAPACITY */"
      EMPTY_ELEMENTDATA = "/* Could not access EMPTY_ELEMENTDATA */"
      DEFAULTCAPACITY_EMPTY_ELEMENTDATA = "/* Could not access DEFAULTCAPACITY_EMPTY_ELEMENTDATA */"
      elementData = "/* Could not access elementData */"
      size = "/* Could not access size */"
      modCount = "/* Could not access modCount */"
    sessionAttrListeners = class java.util.ArrayList@6671ee42
      serialVersionUID = "/* Could not access serialVersionUID */"
      DEFAULT_CAPACITY = "/* Could not access DEFAULT_CAPACITY */"
      EMPTY_ELEMENTDATA = "/* Could not access EMPTY_ELEMENTDATA */"
      DEFAULTCAPACITY_EMPTY_ELEMENTDATA = "/* Could not access DEFAULTCAPACITY_EMPTY_ELEMENTDATA */"
      elementData = "/* Could not access elementData */"
      size = "/* Could not access size */"
      modCount = "/* Could not access modCount */"
    addedSessionListeners = class java.util.ArrayList@7e126b4b
      serialVersionUID = "/* Could not access serialVersionUID */"
      DEFAULT_CAPACITY = "/* Could not access DEFAULT_CAPACITY */"
      EMPTY_ELEMENTDATA = "/* Could not access EMPTY_ELEMENTDATA */"
      DEFAULTCAPACITY_EMPTY_ELEMENTDATA = "/* Could not access DEFAULTCAPACITY_EMPTY_ELEMENTDATA */"
      elementData = "/* Could not access elementData */"
      size = "/* Could not access size */"
      modCount = "/* Could not access modCount */"
    addedSessionAttrListeners = class java.util.ArrayList@7a64ecea
      serialVersionUID = "/* Could not access serialVersionUID */"
      DEFAULT_CAPACITY = "/* Could not access DEFAULT_CAPACITY */"
      EMPTY_ELEMENTDATA = "/* Could not access EMPTY_ELEMENTDATA */"
      DEFAULTCAPACITY_EMPTY_ELEMENTDATA = "/* Could not access DEFAULTCAPACITY_EMPTY_ELEMENTDATA */"
      elementData = "/* Could not access elementData */"
      size = "/* Could not access size */"
      modCount = "/* Could not access modCount */"
    servletContextListeners = class java.util.ArrayList@acef613
      serialVersionUID = "/* Could not access serialVersionUID */"
      DEFAULT_CAPACITY = "/* Could not access DEFAULT_CAPACITY */"
      EMPTY_ELEMENTDATA = "/* Could not access EMPTY_ELEMENTDATA */"
      DEFAULTCAPACITY_EMPTY_ELEMENTDATA = "/* Could not access DEFAULTCAPACITY_EMPTY_ELEMENTDATA */"
      elementData = "/* Could not access elementData */"
      size = "/* Could not access size */"
      modCount = "/* Could not access modCount */"
    servletContextLAttrListeners = class java.util.ArrayList@63241af6
      serialVersionUID = "/* Could not access serialVersionUID */"
      DEFAULT_CAPACITY = "/* Could not access DEFAULT_CAPACITY */"
      EMPTY_ELEMENTDATA = "/* Could not access EMPTY_ELEMENTDATA */"
      DEFAULTCAPACITY_EMPTY_ELEMENTDATA = "/* Could not access DEFAULTCAPACITY_EMPTY_ELEMENTDATA */"
      elementData = "/* Could not access elementData */"
      size = "/* Could not access size */"
      modCount = "/* Could not access modCount */"
    servletRequestListeners = class java.util.ArrayList@e016dea
      serialVersionUID = "/* Could not access serialVersionUID */"
      DEFAULT_CAPACITY = "/* Could not access DEFAULT_CAPACITY */"
      EMPTY_ELEMENTDATA = "/* Could not access EMPTY_ELEMENTDATA */"
      DEFAULTCAPACITY_EMPTY_ELEMENTDATA = "/* Could not access DEFAULTCAPACITY_EMPTY_ELEMENTDATA */"
      elementData = "/* Could not access elementData */"
      size = "/* Could not access size */"
      modCount = "/* Could not access modCount */"
    servletRequestLAttrListeners = class java.util.ArrayList@53dfd37c
      serialVersionUID = "/* Could not access serialVersionUID */"
      DEFAULT_CAPACITY = "/* Could not access DEFAULT_CAPACITY */"
      EMPTY_ELEMENTDATA = "/* Could not access EMPTY_ELEMENTDATA */"
      DEFAULTCAPACITY_EMPTY_ELEMENTDATA = "/* Could not access DEFAULTCAPACITY_EMPTY_ELEMENTDATA */"
      elementData = "/* Could not access elementData */"
      size = "/* Could not access size */"
      modCount = "/* Could not access modCount */"
    prependSlashToResource = false
    destroyed = false
    webAppNameSpaceCollab = class com.ibm.ws.webcontainer.osgi.collaborator.WebAppNameSpaceCollaboratorImpl@2e5cd97a
      cmdai = class com.ibm.ws.threadContext.ComponentMetaDataAccessorImpl@54b0da02
    txCollab = class com.ibm.ws.webcontainer.collaborator.WebAppTransactionCollaborator@6dec85ed
      logger = class com.ibm.ws.logging.internal.WsLogger@360045f1
      CLASS_NAME = "com.ibm.ws.webcontainer.collaborator.WebAppTransactionCollaborator"
    sessionActivationListeners = class java.util.ArrayList@6887db87
      serialVersionUID = "/* Could not access serialVersionUID */"
      DEFAULT_CAPACITY = "/* Could not access DEFAULT_CAPACITY */"
      EMPTY_ELEMENTDATA = "/* Could not access EMPTY_ELEMENTDATA */"
      DEFAULTCAPACITY_EMPTY_ELEMENTDATA = "/* Could not access DEFAULTCAPACITY_EMPTY_ELEMENTDATA */"
      elementData = "/* Could not access elementData */"
      size = "/* Could not access size */"
      modCount = "/* Could not access modCount */"
    sessionBindingListeners = class java.util.ArrayList@45eea1d8
      serialVersionUID = "/* Could not access serialVersionUID */"
      DEFAULT_CAPACITY = "/* Could not access DEFAULT_CAPACITY */"
      EMPTY_ELEMENTDATA = "/* Could not access EMPTY_ELEMENTDATA */"
      DEFAULTCAPACITY_EMPTY_ELEMENTDATA = "/* Could not access DEFAULTCAPACITY_EMPTY_ELEMENTDATA */"
      elementData = "/* Could not access elementData */"
      size = "/* Could not access size */"
      modCount = "/* Could not access modCount */"
    scratchdir = null
    jspClassLoaderLimit = 0
    jspClassLoaderExclusionList = null
    jspClassLoadersMap = null
    jspClassLoaderLimitTrackIF = false
    defaultExtProc = null
    directoryBrowsingServlet = null
    cdiContexts = class java.util.concurrent.ConcurrentHashMap@62a63bbc
      serialVersionUID = "/* Could not access serialVersionUID */"
      MAXIMUM_CAPACITY = "/* Could not access MAXIMUM_CAPACITY */"
      DEFAULT_CAPACITY = "/* Could not access DEFAULT_CAPACITY */"
      MAX_ARRAY_SIZE = "/* Could not access MAX_ARRAY_SIZE */"
      DEFAULT_CONCURRENCY_LEVEL = "/* Could not access DEFAULT_CONCURRENCY_LEVEL */"
      LOAD_FACTOR = "/* Could not access LOAD_FACTOR */"
      TREEIFY_THRESHOLD = "/* Could not access TREEIFY_THRESHOLD */"
      UNTREEIFY_THRESHOLD = "/* Could not access UNTREEIFY_THRESHOLD */"
      MIN_TREEIFY_CAPACITY = "/* Could not access MIN_TREEIFY_CAPACITY */"
      MIN_TRANSFER_STRIDE = "/* Could not access MIN_TRANSFER_STRIDE */"
      RESIZE_STAMP_BITS = "/* Could not access RESIZE_STAMP_BITS */"
      MAX_RESIZERS = "/* Could not access MAX_RESIZERS */"
      RESIZE_STAMP_SHIFT = "/* Could not access RESIZE_STAMP_SHIFT */"
      MOVED = "/* Could not access MOVED */"
      TREEBIN = "/* Could not access TREEBIN */"
      RESERVED = "/* Could not access RESERVED */"
      HASH_BITS = "/* Could not access HASH_BITS */"
      NCPU = "/* Could not access NCPU */"
      serialPersistentFields = "/* Could not access serialPersistentFields */"
      table = "/* Could not access table */"
      nextTable = "/* Could not access nextTable */"
      baseCount = "/* Could not access baseCount */"
      sizeCtl = "/* Could not access sizeCtl */"
      transferIndex = "/* Could not access transferIndex */"
      cellsBusy = "/* Could not access cellsBusy */"
      counterCells = "/* Could not access counterCells */"
      keySet = "/* Could not access keySet */"
      values = "/* Could not access values */"
      entrySet = "/* Could not access entrySet */"
      U = "/* Could not access U */"
      SIZECTL = "/* Could not access SIZECTL */"
      TRANSFERINDEX = "/* Could not access TRANSFERINDEX */"
      BASECOUNT = "/* Could not access BASECOUNT */"
      CELLSBUSY = "/* Could not access CELLSBUSY */"
      CELLVALUE = "/* Could not access CELLVALUE */"
      ABASE = "/* Could not access ABASE */"
      ASHIFT = "/* Could not access ASHIFT */"
      keySet = "/* Could not access keySet */"
      values = "/* Could not access values */"
    moduleConfig = class com.ibm.ws.webcontainer.osgi.container.DeployedModule@66aba979
      tc = class com.ibm.websphere.ras.TraceComponent@77e7bcf4
      loader = class com.ibm.ws.classloading.internal.ThreadContextClassLoader@2943bb54
      webApp = class com.ibm.ws.webcontainer40.osgi.webapp.WebApp40@24d9339d
      webAppConfig = class com.ibm.ws.webcontainer.osgi.webapp.WebAppConfiguration@27e270b2
      contextRootAdded = class com.ibm.ws.threading.internal.NonCancelableResultFuture@1d6d9e90
      properContextRoot = "/simple-rpg"
      mappingContextRoot = "/simple-rpg/*"
      initTaskCount = class java.util.concurrent.atomic.AtomicInteger@316a15f5
      initTasksDoneListener = class com.ibm.ws.webcontainer.osgi.WebContainer$2@13ac0a7f
      serialVersionUID = -2104814060051592457
      $$$tc$$$ = class com.ibm.websphere.ras.TraceComponent@43ca36c2
    extensionFactories = class java.util.ArrayList@3ac98304
      serialVersionUID = "/* Could not access serialVersionUID */"
      DEFAULT_CAPACITY = "/* Could not access DEFAULT_CAPACITY */"
      EMPTY_ELEMENTDATA = "/* Could not access EMPTY_ELEMENTDATA */"
      DEFAULTCAPACITY_EMPTY_ELEMENTDATA = "/* Could not access DEFAULTCAPACITY_EMPTY_ELEMENTDATA */"
      elementData = "/* Could not access elementData */"
      size = "/* Could not access size */"
      modCount = "/* Could not access modCount */"
    initialized = false
    lock = class com.ibm.ws.webcontainer.webapp.WebApp$1@5dda18ee
      this$0 = class com.ibm.ws.webcontainer40.osgi.webapp.WebApp40@24d9339d
    afterServletContextCreated = false
    redirectContextRoot = false
    errorExceptionTypeFirst = false
    initFilterBeforeServletInit = false
    SET_400_SC_ON_TOO_MANY_PARENT_DIRS = false
    sortedServletConfigs = class java.util.ArrayList@e72a332
      serialVersionUID = "/* Could not access serialVersionUID */"
      DEFAULT_CAPACITY = "/* Could not access DEFAULT_CAPACITY */"
      EMPTY_ELEMENTDATA = "/* Could not access EMPTY_ELEMENTDATA */"
      DEFAULTCAPACITY_EMPTY_ELEMENTDATA = "/* Could not access DEFAULTCAPACITY_EMPTY_ELEMENTDATA */"
      elementData = "/* Could not access elementData */"
      size = "/* Could not access size */"
      modCount = "/* Could not access modCount */"
    effectiveMajorVersion = 6
    effectiveMinorVersion = 0
    canAddServletContextListener = true
    withinContextInitOfProgAddListener = false
    lastProgAddListenerInitialized = null
    webInfLibClassloader = null
    metaInfCache = class com.ibm.ws.webcontainer.webapp.WebApp$2@352923e4
      this$0 = class com.ibm.ws.webcontainer40.osgi.webapp.WebApp40@24d9339d
      serialVersionUID = "/* Could not access serialVersionUID */"
      head = "/* Could not access head */"
      tail = "/* Could not access tail */"
      accessOrder = "/* Could not access accessOrder */"
      PUT_NORM = "/* Could not access PUT_NORM */"
      PUT_FIRST = "/* Could not access PUT_FIRST */"
      PUT_LAST = "/* Could not access PUT_LAST */"
      putMode = "/* Could not access putMode */"
      serialVersionUID = "/* Could not access serialVersionUID */"
      DEFAULT_INITIAL_CAPACITY = "/* Could not access DEFAULT_INITIAL_CAPACITY */"
      MAXIMUM_CAPACITY = "/* Could not access MAXIMUM_CAPACITY */"
      DEFAULT_LOAD_FACTOR = "/* Could not access DEFAULT_LOAD_FACTOR */"
      TREEIFY_THRESHOLD = "/* Could not access TREEIFY_THRESHOLD */"
      UNTREEIFY_THRESHOLD = "/* Could not access UNTREEIFY_THRESHOLD */"
      MIN_TREEIFY_CAPACITY = "/* Could not access MIN_TREEIFY_CAPACITY */"
      table = "/* Could not access table */"
      entrySet = "/* Could not access entrySet */"
      size = "/* Could not access size */"
      modCount = "/* Could not access modCount */"
      threshold = "/* Could not access threshold */"
      loadFactor = "/* Could not access loadFactor */"
      keySet = "/* Could not access keySet */"
      values = "/* Could not access values */"
    hasSlashStarMapping = false
    useMetaInfCache = true
    SUN_CONFIGURE_LISTENER_CLASSNAME = "com.sun.faces.config.ConfigureListener"
    MYFACES_LIFECYCLE_LISTENER_CLASSNAME = "org.apache.myfaces.webapp.StartupServletContextListener"
    JSF_IMPL_ENABLED_PARAM = "com.ibm.ws.jsf.JSF_IMPL_ENABLED"
    JSF_IMPL_ENABLED_CUSTOM = "Custom"
    JSF_IMPL_ENABLED_NONE = "None"
    staticDocRoot = class com.ibm.ws.webcontainer.util.DocumentRootUtils@430e47e6
      logger = class com.ibm.ws.logging.internal.WsLogger@2950baf1
      CLASS_NAME = "com.ibm.ws.webcontainer.util.DocumentRootUtils"
      useContentLength = false
      matchedFile = null
      matchedZipFile = null
      matchedEntry = null
      matchedURL = null
      edrRoot = null
      pfedrRoot = null
      ctxt = class com.ibm.ws.webcontainer40.osgi.webapp.WebApp40@24d9339d
      baseDir = null
      edr = null
      pfedr = null
      metaInfRes = null
      searchpfEDR = true
      searchEDR = true
      searchMetaInfRes = true
      matchFromEDR = false
      matchFromMetaInfRes = false
      matchIsADirectory = false
      appConfig = class com.ibm.ws.webcontainer.osgi.webapp.WebAppConfiguration@27e270b2
      attributeType = "staticFile"
      STATIC_FILE = "staticFile"
      JSP = "jsp"
      PFEDR = "preFragmentExtendedDocumentRoot"
      EDR = "extendedDocumentRoot"
    jspDocRoot = class com.ibm.ws.webcontainer.util.DocumentRootUtils@4e1e3a01
      logger = class com.ibm.ws.logging.internal.WsLogger@2950baf1
      CLASS_NAME = "com.ibm.ws.webcontainer.util.DocumentRootUtils"
      useContentLength = false
      matchedFile = null
      matchedZipFile = null
      matchedEntry = null
      matchedURL = null
      edrRoot = null
      pfedrRoot = null
      ctxt = class com.ibm.ws.webcontainer40.osgi.webapp.WebApp40@24d9339d
      baseDir = null
      edr = null
      pfedr = null
      metaInfRes = null
      searchpfEDR = true
      searchEDR = true
      searchMetaInfRes = true
      matchFromEDR = false
      matchFromMetaInfRes = false
      matchIsADirectory = false
      appConfig = class com.ibm.ws.webcontainer.osgi.webapp.WebAppConfiguration@27e270b2
      attributeType = "jsp"
      STATIC_FILE = "staticFile"
      JSP = "jsp"
      PFEDR = "preFragmentExtendedDocumentRoot"
      EDR = "extendedDocumentRoot"
    container = class com.ibm.ws.adaptable.module.internal.AdaptableContainerImpl@69ff678d
      root = class com.ibm.ws.adaptable.module.internal.AdaptableContainerImpl@69ff678d
      rootOverlay = class com.ibm.ws.artifact.overlay.internal.DirectoryBasedOverlayContainerImpl@61bb1106
      factoryHolder = class com.ibm.ws.adaptable.module.internal.AdaptableModuleFactoryImpl@787ca27
      delegate = class com.ibm.ws.artifact.overlay.internal.DirectoryBasedOverlayContainerImpl@61bb1106
      notifier = class com.ibm.ws.adaptable.module.internal.NotifierImpl@71e1d448
      serialVersionUID = -5950528200509051684
      $$$tc$$$ = class com.ibm.websphere.ras.TraceComponent@2a69f283
    metaInfResourceFinder = class com.ibm.ws.webcontainer.util.MetaInfResourceFinder@55ee6bc3
      jarResourceContainers = class java.util.ArrayList@4cad62d
      container = class com.ibm.ws.adaptable.module.internal.AdaptableContainerImpl@69ff678d
    postConstructMethods = class com.ibm.ws.webcontainer.webapp.WebApp$AnnotatedMethods@29244499
      annotationClass = class java.lang.Class@54c90790
      noOpClassNames = class java.util.HashSet@35f679ef
      annotatedMethodNames = class java.util.concurrent.ConcurrentHashMap@7a8cc243
      EMPTY_METHODS = class java.lang.reflect.Method[0]
    preDestroyMethods = class com.ibm.ws.webcontainer.webapp.WebApp$AnnotatedMethods@1824072c
      annotationClass = class java.lang.Class@3c95af1d
      noOpClassNames = class java.util.HashSet@22c0b01e
      annotatedMethodNames = class java.util.concurrent.ConcurrentHashMap@76c3b48d
      EMPTY_METHODS = class java.lang.reflect.Method[0]
    OBJ_EMPTY = class java.lang.Object[0]
    CLASS_EMPTY = class java.lang.Class[0]
    checkpointPhase = class io.openliberty.checkpoint.spi.CheckpointPhase@2755f81b
      AFTER_APP_START = class io.openliberty.checkpoint.spi.CheckpointPhase@57b2fa2c
      BEFORE_APP_START = class io.openliberty.checkpoint.spi.CheckpointPhase@5f63fbdd
      INACTIVE = class io.openliberty.checkpoint.spi.CheckpointPhase@2755f81b
      CHECKPOINT_PROPERTY = "io.openliberty.checkpoint"
      CHECKPOINT_ACTIVE_FILTER = "(!(io.openliberty.checkpoint=INACTIVE))"
      CHECKPOINT_RESTORED_PROPERTY = "io.openliberty.checkpoint.restored"
      CONDITION_PROCESS_RUNNING_ID = "io.openliberty.process.running"
      CONDITION_BEFORE_CHECKPOINT_ID = "io.openliberty.before.checkpoint"
      SERVICE_RANKING = "service.ranking"
      restored = true
      blockAddHooks = false
      singleThreadedHooks = class java.util.HashMap@41c21983
      multiThreadedHooks = class java.util.HashMap@2fd9b1dd
      contextRef = class java.lang.ref.WeakReference@6f7a5d90
      registerService = null
      unregisterService = null
      THE_PHASE = class io.openliberty.checkpoint.spi.CheckpointPhase@2755f81b
      DEBUG = false
      checkpointLock = class java.util.concurrent.locks.ReentrantReadWriteLock@2f07feb1
      $VALUES = class io.openliberty.checkpoint.spi.CheckpointPhase[3]
      name = "/* Could not access name */"
      ordinal = "/* Could not access ordinal */"
      hash = "/* Could not access hash */"
    DEFAULT_JSP_EXTENSIONS = class java.util.ArrayList@1432f41
      serialVersionUID = "/* Could not access serialVersionUID */"
      DEFAULT_CAPACITY = "/* Could not access DEFAULT_CAPACITY */"
      EMPTY_ELEMENTDATA = "/* Could not access EMPTY_ELEMENTDATA */"
      DEFAULTCAPACITY_EMPTY_ELEMENTDATA = "/* Could not access DEFAULTCAPACITY_EMPTY_ELEMENTDATA */"
      elementData = "/* Could not access elementData */"
      size = "/* Could not access size */"
      modCount = "/* Could not access modCount */"
    DEFER_SERVLET_REQUEST_LISTENER_DESTROY_ON_ERROR = true
    DO_ACCEPT_PARTIAL = true
    DO_NOT_ACCEPT_PARTIAL = false
    DO_ACCEPT_EXCLUDED = true
    DO_NOT_ACCEPT_EXCLUDED = false
    commands = class java.util.ArrayList@a48a37c
      serialVersionUID = "/* Could not access serialVersionUID */"
      DEFAULT_CAPACITY = "/* Could not access DEFAULT_CAPACITY */"
      EMPTY_ELEMENTDATA = "/* Could not access EMPTY_ELEMENTDATA */"
      DEFAULTCAPACITY_EMPTY_ELEMENTDATA = "/* Could not access DEFAULTCAPACITY_EMPTY_ELEMENTDATA */"
      elementData = "/* Could not access elementData */"
      size = "/* Could not access size */"
      modCount = "/* Could not access modCount */"
    requestMapper = class com.ibm.wsspi.webcontainer.util.URIMapper@326dd87e
      matcher = class com.ibm.wsspi.webcontainer40.util.URIMatcher40@46119941
    parent = class com.ibm.ws.webcontainer.osgi.webapp.WebGroup@3af06b08
      tc = class com.ibm.websphere.ras.TraceComponent@74b646f4
      logger = class com.ibm.ws.logging.internal.WsLogger@10bf10eb
      CLASS_NAME = "com.ibm.ws.webcontainer.webapp.WebGroup"
      sessUrlRewritePrefix = ";jsessionid="
      qMark = "?"
      config = class com.ibm.ws.webcontainer.osgi.webapp.WebGroupConfiguration@3d0076e9
      webApp = class com.ibm.ws.webcontainer40.osgi.webapp.WebApp40@24d9339d
      commands = class java.util.ArrayList@400b4c53
      requestMapper = null
      parent = class com.ibm.ws.webcontainer.osgi.DynamicVirtualHost@5567851c
      name = "/simple-rpg/*"
      isAlive = true
      subElements = class java.util.HashMap@79e47087
      attributes = null
      config = null
      serialVersionUID = -8271459000149267764
      $$$tc$$$ = class com.ibm.websphere.ras.TraceComponent@c8b133e
    name = "simple-rpg-1.0-SNAPSHOT"
    isAlive = true
    subElements = null
    attributes = class java.util.concurrent.ConcurrentHashMap@22d17230
      serialVersionUID = "/* Could not access serialVersionUID */"
      MAXIMUM_CAPACITY = "/* Could not access MAXIMUM_CAPACITY */"
      DEFAULT_CAPACITY = "/* Could not access DEFAULT_CAPACITY */"
      MAX_ARRAY_SIZE = "/* Could not access MAX_ARRAY_SIZE */"
      DEFAULT_CONCURRENCY_LEVEL = "/* Could not access DEFAULT_CONCURRENCY_LEVEL */"
      LOAD_FACTOR = "/* Could not access LOAD_FACTOR */"
      TREEIFY_THRESHOLD = "/* Could not access TREEIFY_THRESHOLD */"
      UNTREEIFY_THRESHOLD = "/* Could not access UNTREEIFY_THRESHOLD */"
      MIN_TREEIFY_CAPACITY = "/* Could not access MIN_TREEIFY_CAPACITY */"
      MIN_TRANSFER_STRIDE = "/* Could not access MIN_TRANSFER_STRIDE */"
      RESIZE_STAMP_BITS = "/* Could not access RESIZE_STAMP_BITS */"
      MAX_RESIZERS = "/* Could not access MAX_RESIZERS */"
      RESIZE_STAMP_SHIFT = "/* Could not access RESIZE_STAMP_SHIFT */"
      MOVED = "/* Could not access MOVED */"
      TREEBIN = "/* Could not access TREEBIN */"
      RESERVED = "/* Could not access RESERVED */"
      HASH_BITS = "/* Could not access HASH_BITS */"
      NCPU = "/* Could not access NCPU */"
      serialPersistentFields = "/* Could not access serialPersistentFields */"
      table = "/* Could not access table */"
      nextTable = "/* Could not access nextTable */"
      baseCount = "/* Could not access baseCount */"
      sizeCtl = "/* Could not access sizeCtl */"
      transferIndex = "/* Could not access transferIndex */"
      cellsBusy = "/* Could not access cellsBusy */"
      counterCells = "/* Could not access counterCells */"
      keySet = "/* Could not access keySet */"
      values = "/* Could not access values */"
      entrySet = "/* Could not access entrySet */"
      U = "/* Could not access U */"
      SIZECTL = "/* Could not access SIZECTL */"
      TRANSFERINDEX = "/* Could not access TRANSFERINDEX */"
      BASECOUNT = "/* Could not access BASECOUNT */"
      CELLSBUSY = "/* Could not access CELLSBUSY */"
      CELLVALUE = "/* Could not access CELLVALUE */"
      ABASE = "/* Could not access ABASE */"
      ASHIFT = "/* Could not access ASHIFT */"
      keySet = "/* Could not access keySet */"
      values = "/* Could not access values */"
    config = null
    serialVersionUID = -8271459000149267764
    $$$tc$$$ = class com.ibm.websphere.ras.TraceComponent@c8b133e
      strings[0] = "TraceComponent[com.ibm.ws.container.AbstractContainer,class com.ibm.ws.container.AbstractContainer,[],null,null]"

